<?xml version="1.0" encoding="UTF-8"?>
<testsuite xmlns:xsi="http://www.w3.org/2001/XMLSchema-instance" xsi:noNamespaceSchemaLocation="https://maven.apache.org/surefire/maven-surefire-plugin/xsd/surefire-test-report.xsd" version="3.0.2" name="com.example.Note.NoteApplicationTests" time="6.815" tests="1" errors="0" skipped="0" failures="0">
  <properties>
[...]
</properties>
  <testcase name="contextLoads" classname="com.example.Note.NoteApplicationTests" time="1.052">
    <system-out><![CDATA[22:29:29.811 [main] INFO org.springframework.test.context.support.AnnotationConfigContextLoaderUtils -- Could not detect default configuration classes for test class [com.example.Note.NoteApplicationTests]: NoteApplicationTests does not declare any static, non-private, non-final, nested classes annotated with @Configuration.
22:29:30.035 [main] INFO org.springframework.boot.test.context.SpringBootTestContextBootstrapper -- Found @SpringBootConfiguration com.example.Note.NoteApplication for test class com.example.Note.NoteApplicationTests

  .   ____          _            __ _ _
 /\\ / ___'_ __ _ _(_)_ __  __ _ \ \ \ \
( ( )\___ | '_ | '_| | '_ \/ _` | \ \ \ \
 \\/  ___)| |_)| | | | | || (_| |  ) ) ) )
  '  |____| .__|_| |_|_| |_\__, | / / / /
 =========|_|==============|___/=/_/_/_/

 :: Spring Boot ::                (v3.5.3)

2025-06-23T22:29:30.832+05:30  INFO 8936 --- [Note] [           main] com.example.Note.NoteApplicationTests    : Starting NoteApplicationTests using Java 23.0.1 with PID 8936 (started by ullas in C:\Users\ullas\projects\spr\PROJECTS\NoteManagerWithAuthentication\Backend\Note)
2025-06-23T22:29:30.834+05:30  INFO 8936 --- [Note] [           main] com.example.Note.NoteApplicationTests    : No active profile set, falling back to 1 default profile: "default"
2025-06-23T22:29:32.156+05:30  INFO 8936 --- [Note] [           main] .s.d.r.c.RepositoryConfigurationDelegate : Bootstrapping Spring Data MongoDB repositories in DEFAULT mode.
2025-06-23T22:29:32.245+05:30  INFO 8936 --- [Note] [           main] .s.d.r.c.RepositoryConfigurationDelegate : Finished Spring Data repository scanning in 79 ms. Found 2 MongoDB repository interfaces.
2025-06-23T22:29:33.159+05:30  INFO 8936 --- [Note] [yx6.mongodb.net] org.mongodb.driver.cluster               : Adding discovered server ac-vw1npth-shard-00-01.jjwayx6.mongodb.net:27017 to client view of cluster
2025-06-23T22:29:33.203+05:30  INFO 8936 --- [Note] [           main] org.mongodb.driver.client                : MongoClient with metadata {"application": {"name": "Cluster0"}, "driver": {"name": "mongo-java-driver|sync|spring-boot", "version": "5.5.1"}, "os": {"type": "Windows", "name": "Windows 11", "architecture": "amd64", "version": "10.0"}, "platform": "Java/Oracle Corporation/23.0.1+11-39"} created with settings MongoClientSettings{readPreference=primary, writeConcern=WriteConcern{w=majority, wTimeout=null ms, journal=null}, retryWrites=true, retryReads=true, readConcern=ReadConcern{level=null}, credential=MongoCredential{mechanism=null, userName='lewis', source='admin', password=<hidden>, mechanismProperties=<hidden>}, transportSettings=null, commandListeners=[], codecRegistry=ProvidersCodecRegistry{codecProviders=[ValueCodecProvider{}, BsonValueCodecProvider{}, DBRefCodecProvider{}, DBObjectCodecProvider{}, DocumentCodecProvider{}, CollectionCodecProvider{}, IterableCodecProvider{}, MapCodecProvider{}, GeoJsonCodecProvider{}, GridFSFileCodecProvider{}, Jsr310CodecProvider{}, JsonObjectCodecProvider{}, BsonCodecProvider{}, EnumCodecProvider{}, com.mongodb.client.model.mql.ExpressionCodecProvider@6367a688, com.mongodb.Jep395RecordCodecProvider@319642db, com.mongodb.KotlinCodecProvider@59498d94]}, loggerSettings=LoggerSettings{maxDocumentLength=1000}, clusterSettings={hosts=[127.0.0.1:27017], srvHost=cluster0.jjwayx6.mongodb.net, srvServiceName=mongodb, mode=MULTIPLE, requiredClusterType=REPLICA_SET, requiredReplicaSetName='atlas-4ue2aw-shard-0', serverSelector='null', clusterListeners='[]', serverSelectionTimeout='30000 ms', localThreshold='15 ms'}, socketSettings=SocketSettings{connectTimeoutMS=10000, readTimeoutMS=0, receiveBufferSize=0, proxySettings=ProxySettings{host=null, port=null, username=null, password=null}}, heartbeatSocketSettings=SocketSettings{connectTimeoutMS=10000, readTimeoutMS=10000, receiveBufferSize=0, proxySettings=ProxySettings{host=null, port=null, username=null, password=null}}, connectionPoolSettings=ConnectionPoolSettings{maxSize=100, minSize=0, maxWaitTimeMS=120000, maxConnectionLifeTimeMS=0, maxConnectionIdleTimeMS=0, maintenanceInitialDelayMS=0, maintenanceFrequencyMS=60000, connectionPoolListeners=[], maxConnecting=2}, serverSettings=ServerSettings{heartbeatFrequencyMS=10000, minHeartbeatFrequencyMS=500, serverMonitoringMode=AUTO, serverListeners='[]', serverMonitorListeners='[]'}, sslSettings=SslSettings{enabled=true, invalidHostNameAllowed=false, context=null}, applicationName='Cluster0', compressorList=[], uuidRepresentation=JAVA_LEGACY, serverApi=null, autoEncryptionSettings=null, dnsClient=null, inetAddressResolver=null, contextProvider=null, timeoutMS=null}
2025-06-23T22:29:33.210+05:30  INFO 8936 --- [Note] [yx6.mongodb.net] org.mongodb.driver.cluster               : Adding discovered server ac-vw1npth-shard-00-02.jjwayx6.mongodb.net:27017 to client view of cluster
2025-06-23T22:29:33.214+05:30  INFO 8936 --- [Note] [yx6.mongodb.net] org.mongodb.driver.cluster               : Adding discovered server ac-vw1npth-shard-00-00.jjwayx6.mongodb.net:27017 to client view of cluster
2025-06-23T22:29:34.186+05:30  INFO 8936 --- [Note] [ngodb.net:27017] org.mongodb.driver.cluster               : Monitor thread successfully connected to server with description ServerDescription{address=ac-vw1npth-shard-00-00.jjwayx6.mongodb.net:27017, type=REPLICA_SET_SECONDARY, cryptd=false, state=CONNECTED, ok=true, minWireVersion=0, maxWireVersion=25, maxDocumentSize=16777216, logicalSessionTimeoutMinutes=30, roundTripTimeNanos=552588800, minRoundTripTimeNanos=0, setName='atlas-4ue2aw-shard-0', canonicalAddress=ac-vw1npth-shard-00-00.jjwayx6.mongodb.net:27017, hosts=[ac-vw1npth-shard-00-00.jjwayx6.mongodb.net:27017, ac-vw1npth-shard-00-02.jjwayx6.mongodb.net:27017, ac-vw1npth-shard-00-01.jjwayx6.mongodb.net:27017], passives=[], arbiters=[], primary='ac-vw1npth-shard-00-01.jjwayx6.mongodb.net:27017', tagSet=TagSet{[Tag{name='availabilityZone', value='aps1-az1'}, Tag{name='diskState', value='READY'}, Tag{name='nodeType', value='ELECTABLE'}, Tag{name='provider', value='AWS'}, Tag{name='region', value='AP_SOUTH_1'}, Tag{name='workloadType', value='OPERATIONAL'}]}, electionId=null, setVersion=16, topologyVersion=TopologyVersion{processId=6852bc06a241446b4c697a0a, counter=4}, lastWriteDate=Mon Jun 23 22:29:31 IST 2025, lastUpdateTimeNanos=26349104394400}
2025-06-23T22:29:34.186+05:30  INFO 8936 --- [Note] [ngodb.net:27017] org.mongodb.driver.cluster               : Monitor thread successfully connected to server with description ServerDescription{address=ac-vw1npth-shard-00-01.jjwayx6.mongodb.net:27017, type=REPLICA_SET_PRIMARY, cryptd=false, state=CONNECTED, ok=true, minWireVersion=0, maxWireVersion=25, maxDocumentSize=16777216, logicalSessionTimeoutMinutes=30, roundTripTimeNanos=553015800, minRoundTripTimeNanos=0, setName='atlas-4ue2aw-shard-0', canonicalAddress=ac-vw1npth-shard-00-01.jjwayx6.mongodb.net:27017, hosts=[ac-vw1npth-shard-00-00.jjwayx6.mongodb.net:27017, ac-vw1npth-shard-00-02.jjwayx6.mongodb.net:27017, ac-vw1npth-shard-00-01.jjwayx6.mongodb.net:27017], passives=[], arbiters=[], primary='ac-vw1npth-shard-00-01.jjwayx6.mongodb.net:27017', tagSet=TagSet{[Tag{name='availabilityZone', value='aps1-az3'}, Tag{name='diskState', value='READY'}, Tag{name='nodeType', value='ELECTABLE'}, Tag{name='provider', value='AWS'}, Tag{name='region', value='AP_SOUTH_1'}, Tag{name='workloadType', value='OPERATIONAL'}]}, electionId=7fffffff0000000000000020, setVersion=16, topologyVersion=TopologyVersion{processId=6852bdf290302dd1e7656787, counter=6}, lastWriteDate=Mon Jun 23 22:29:31 IST 2025, lastUpdateTimeNanos=26349104394300}
2025-06-23T22:29:34.187+05:30  INFO 8936 --- [Note] [ngodb.net:27017] org.mongodb.driver.cluster               : Monitor thread successfully connected to server with description ServerDescription{address=ac-vw1npth-shard-00-02.jjwayx6.mongodb.net:27017, type=REPLICA_SET_SECONDARY, cryptd=false, state=CONNECTED, ok=true, minWireVersion=0, maxWireVersion=25, maxDocumentSize=16777216, logicalSessionTimeoutMinutes=30, roundTripTimeNanos=553015000, minRoundTripTimeNanos=0, setName='atlas-4ue2aw-shard-0', canonicalAddress=ac-vw1npth-shard-00-02.jjwayx6.mongodb.net:27017, hosts=[ac-vw1npth-shard-00-00.jjwayx6.mongodb.net:27017, ac-vw1npth-shard-00-02.jjwayx6.mongodb.net:27017, ac-vw1npth-shard-00-01.jjwayx6.mongodb.net:27017], passives=[], arbiters=[], primary='ac-vw1npth-shard-00-01.jjwayx6.mongodb.net:27017', tagSet=TagSet{[Tag{name='availabilityZone', value='aps1-az2'}, Tag{name='diskState', value='READY'}, Tag{name='nodeType', value='ELECTABLE'}, Tag{name='provider', value='AWS'}, Tag{name='region', value='AP_SOUTH_1'}, Tag{name='workloadType', value='OPERATIONAL'}]}, electionId=null, setVersion=16, topologyVersion=TopologyVersion{processId=6852c0ed909381bad5a744fd, counter=3}, lastWriteDate=Mon Jun 23 22:29:31 IST 2025, lastUpdateTimeNanos=26349104394300}
2025-06-23T22:29:34.201+05:30  INFO 8936 --- [Note] [ngodb.net:27017] org.mongodb.driver.cluster               : Discovered replica set primary ac-vw1npth-shard-00-01.jjwayx6.mongodb.net:27017 with max election id 7fffffff0000000000000020 and max set version 16
2025-06-23T22:29:34.775+05:30  INFO 8936 --- [Note] [           main] r$InitializeUserDetailsManagerConfigurer : Global AuthenticationManager configured with UserDetailsService bean with name customUserDetailsService
2025-06-23T22:29:34.889+05:30 DEBUG 8936 --- [Note] [           main] o.s.s.web.DefaultSecurityFilterChain     : Will secure any request with filters: DisableEncodeUrlFilter, WebAsyncManagerIntegrationFilter, SecurityContextHolderFilter, HeaderWriterFilter, CorsFilter, LogoutFilter, JwtAuthFilter, RequestCacheAwareFilter, SecurityContextHolderAwareRequestFilter, AnonymousAuthenticationFilter, SessionManagementFilter, ExceptionTranslationFilter, AuthorizationFilter
2025-06-23T22:29:35.299+05:30  INFO 8936 --- [Note] [           main] com.example.Note.NoteApplicationTests    : Started NoteApplicationTests in 4.988 seconds (process running for 6.693)
]]></system-out>
    <system-err><![CDATA[Mockito is currently self-attaching to enable the inline-mock-maker. This will no longer work in future releases of the JDK. Please add Mockito as an agent to your build as described in Mockito's documentation: https://javadoc.io/doc/org.mockito/mockito-core/latest/org.mockito/org/mockito/Mockito.html#0.3
WARNING: A Java agent has been loaded dynamically (C:\Users\ullas\.m2\repository\net\bytebuddy\byte-buddy-agent\1.17.6\byte-buddy-agent-1.17.6.jar)
WARNING: If a serviceability tool is in use, please run with -XX:+EnableDynamicAgentLoading to hide this warning
WARNING: If a serviceability tool is not in use, please run with -Djdk.instrument.traceUsage for more information
WARNING: Dynamic loading of agents will be disallowed by default in a future release
]]></system-err>
  </testcase>
</testsuite>